<?xml version="1.0" encoding="UTF-8"?>
<!-- Generated by org.testng.reporters.JUnitReportReporter -->
<testsuite skipped="0" hostname="Vaibhav-33" name="com.testcases.LoginTest" tests="1" failures="0" timestamp="2020-08-31T23:16:07 IST" time="0.020" errors="0">
  <testcase name="loginkam" time="0.020" classname="com.testcases.LoginTest"/>
  <system-out/>
</testsuite> <!-- com.testcases.LoginTest -->
